<?xml version="1.0" encoding="UTF-8"?>
<Site BuildName="Linux-g++"
	BuildStamp="20231021-1241-Experimental"
	Name="marek-PC-HOME"
	Generator="ctest-3.27.6"
	CompilerName="/usr/bin/g++"
	CompilerVersion="11.4.0"
	OSName="Linux"
	Hostname="marek-PC-HOME"
	OSRelease="6.2.0-35-generic"
	OSVersion="#35~22.04.1-Ubuntu SMP PREEMPT_DYNAMIC Fri Oct  6 10:23:26 UTC 2"
	OSPlatform="x86_64"
	Is64Bits="1"
	VendorString="AuthenticAMD"
	VendorID="Advanced Micro Devices"
	FamilyID="25"
	ModelID="33"
	ProcessorCacheSize="512"
	NumberOfLogicalCPU="16"
	NumberOfPhysicalCPU="8"
	TotalVirtualMemory="7628"
	TotalPhysicalMemory="31962"
	LogicalProcessorsPerPhysical="2"
	ProcessorClockFrequency="3756.27"
	>
	<Testing>
		<StartDateTime>Oct 21 14:41 CEST</StartDateTime>
		<StartTestTime>1697892117</StartTestTime>
		<TestList/>
		<EndDateTime>Oct 21 14:41 CEST</EndDateTime>
		<EndTestTime>1697892117</EndTestTime>
		<ElapsedMinutes>0</ElapsedMinutes>
	</Testing>
</Site>
