<?xml version="1.0" encoding="UTF-8"?>
<Site BuildName="Linux-g++"
	BuildStamp="20230929-1752-Experimental"
	Name="marek-PC-HOME"
	Generator="ctest-3.27.6"
	CompilerName="/usr/bin/g++"
	CompilerVersion="11.4.0"
	OSName="Linux"
	Hostname="marek-PC-HOME"
	OSRelease="6.2.0-33-generic"
	OSVersion="#33~22.04.1-Ubuntu SMP PREEMPT_DYNAMIC Thu Sep  7 10:33:52 UTC 2"
	OSPlatform="x86_64"
	Is64Bits="1"
	VendorString="AuthenticAMD"
	VendorID="Advanced Micro Devices"
	FamilyID="25"
	ModelID="33"
	ProcessorCacheSize="512"
	NumberOfLogicalCPU="16"
	NumberOfPhysicalCPU="8"
	TotalVirtualMemory="7628"
	TotalPhysicalMemory="31962"
	LogicalProcessorsPerPhysical="2"
	ProcessorClockFrequency="3721.16"
	>
	<Testing>
		<StartDateTime>Sep 29 20:07 CEST</StartDateTime>
		<StartTestTime>1696010827</StartTestTime>
		<TestList/>
		<EndDateTime>Sep 29 20:07 CEST</EndDateTime>
		<EndTestTime>1696010827</EndTestTime>
		<ElapsedMinutes>0</ElapsedMinutes>
	</Testing>
</Site>
