<?xml version="1.0" encoding="UTF-8"?>
<Site BuildName="Linux-g++"
	BuildStamp="20240629-1841-Experimental"
	Name="marek-PC-HOME"
	Generator="ctest-3.27.6"
	CompilerName="/usr/bin/g++"
	CompilerVersion="11.4.0"
	OSName="Linux"
	Hostname="marek-PC-HOME"
	OSRelease="6.5.0-28-generic"
	OSVersion="#29~22.04.1-Ubuntu SMP PREEMPT_DYNAMIC Thu Apr  4 14:39:20 UTC 2"
	OSPlatform="x86_64"
	Is64Bits="1"
	VendorString="AuthenticAMD"
	VendorID="Advanced Micro Devices"
	FamilyID="25"
	ModelID="33"
	ProcessorCacheSize="512"
	NumberOfLogicalCPU="16"
	NumberOfPhysicalCPU="8"
	TotalVirtualMemory="7628"
	TotalPhysicalMemory="31962"
	LogicalProcessorsPerPhysical="2"
	ProcessorClockFrequency="3857.34"
	>
	<Testing>
		<StartDateTime>Jun 29 20:41 CEST</StartDateTime>
		<StartTestTime>1719686511</StartTestTime>
		<TestList/>
		<EndDateTime>Jun 29 20:41 CEST</EndDateTime>
		<EndTestTime>1719686511</EndTestTime>
		<ElapsedMinutes>0</ElapsedMinutes>
	</Testing>
</Site>
